<?xml version="1.0" encoding="UTF-8"?>
<!-- Generated by org.testng.reporters.JUnitReportReporter -->
<testsuite hostname="DESKTOP-E7RLE5I" failures="0" tests="1" name="com.actiTime.TestScripts.LoginTet" time="20.236" errors="0" timestamp="2020-12-25T17:59:25 IST" skipped="0">
  <testcase classname="com.actiTime.TestScripts.LoginTet" name="login" time="20.236"/>
  <system-out/>
</testsuite> <!-- com.actiTime.TestScripts.LoginTet -->
